# JRE version: Java(TM) SE Runtime Environment (19.0.2+7) (build 19.0.2+7-44)
# Java VM: Java HotSpot(TM) 64-Bit Server VM (19.0.2+7-44, mixed mode, sharing, tiered, compressed oops, compressed class ptrs, g1 gc, windows-amd64)
GC Precious Log:
 CardTable entry size: 512
 Card Set container configuration: InlinePtr #cards 5 size 8 Array Of Cards #cards 12 size 40 Howl #buckets 4 coarsen threshold 1843 Howl Bitmap #cards 512 size 80 coarsen threshold 460 Card regions per heap region 1 cards per card region 2048
 CPUs: 18 total, 18 available
 Memory: 32201M
 Large Page Support: Disabled
 NUMA Support: Disabled
 Compressed Oops: Enabled (32-bit)
 Heap Region Size: 1M
 Heap Min Capacity: 8M
 Heap Initial Capacity: 504M
 Heap Max Capacity: 512M
 Pre-touch: Disabled
 Parallel Workers: 14
 Concurrent Workers: 4
 Concurrent Refinement Workers: 14
 Periodic GC: Disabled
Heap:
 garbage-first heap   total 225280K, used 180154K [0x00000000e0000000, 0x0000000100000000)
  region size 1024K, 7 young (7168K), 3 survivors (3072K)
 Metaspace       used 119348K, committed 121600K, reserved 1179648K
  class space    used 15578K, committed 16768K, reserved 1048576K
GC Heap History (20 events):
Event: 52.573 GC heap before
{Heap before GC invocations=29 (full 0):
 garbage-first heap   total 225280K, used 179506K [0x00000000e0000000, 0x0000000100000000)
  region size 1024K, 48 young (49152K), 8 survivors (8192K)
 Metaspace       used 106934K, committed 109184K, reserved 1179648K
  class space    used 14261K, committed 15424K, reserved 1048576K
}
Event: 52.591 GC heap after
{Heap after GC invocations=30 (full 0):
 garbage-first heap   total 225280K, used 143512K [0x00000000e0000000, 0x0000000100000000)
  region size 1024K, 4 young (4096K), 4 survivors (4096K)
 Metaspace       used 106934K, committed 109184K, reserved 1179648K
  class space    used 14261K, committed 15424K, reserved 1048576K
}
Event: 54.298 GC heap before
{Heap before GC invocations=30 (full 0):
 garbage-first heap   total 225280K, used 182424K [0x00000000e0000000, 0x0000000100000000)
  region size 1024K, 43 young (44032K), 4 survivors (4096K)
 Metaspace       used 108254K, committed 110464K, reserved 1179648K
  class space    used 14384K, committed 15552K, reserved 1048576K
}
Event: 54.307 GC heap after
{Heap after GC invocations=31 (full 0):
 garbage-first heap   total 225280K, used 146310K [0x00000000e0000000, 0x0000000100000000)
  region size 1024K, 6 young (6144K), 6 survivors (6144K)
 Metaspace       used 108254K, committed 110464K, reserved 1179648K
  class space    used 14384K, committed 15552K, reserved 1048576K
}
Event: 54.662 GC heap before
{Heap before GC invocations=31 (full 0):
 garbage-first heap   total 225280K, used 183174K [0x00000000e0000000, 0x0000000100000000)
  region size 1024K, 43 young (44032K), 6 survivors (6144K)
 Metaspace       used 108306K, committed 110528K, reserved 1179648K
  class space    used 14387K, committed 15552K, reserved 1048576K
}
Event: 54.671 GC heap after
{Heap after GC invocations=32 (full 0):
 garbage-first heap   total 225280K, used 147693K [0x00000000e0000000, 0x0000000100000000)
  region size 1024K, 4 young (4096K), 4 survivors (4096K)
 Metaspace       used 108306K, committed 110528K, reserved 1179648K
  class space    used 14387K, committed 15552K, reserved 1048576K
}
Event: 55.456 GC heap before
{Heap before GC invocations=32 (full 0):
 garbage-first heap   total 225280K, used 185581K [0x00000000e0000000, 0x0000000100000000)
  region size 1024K, 42 young (43008K), 4 survivors (4096K)
 Metaspace       used 108464K, committed 110720K, reserved 1179648K
  class space    used 14405K, committed 15616K, reserved 1048576K
}
Event: 55.465 GC heap after
{Heap after GC invocations=33 (full 0):
 garbage-first heap   total 225280K, used 149301K [0x00000000e0000000, 0x0000000100000000)
  region size 1024K, 4 young (4096K), 4 survivors (4096K)
 Metaspace       used 108464K, committed 110720K, reserved 1179648K
  class space    used 14405K, committed 15616K, reserved 1048576K
}
Event: 60.411 GC heap before
{Heap before GC invocations=33 (full 0):
 garbage-first heap   total 225280K, used 186165K [0x00000000e0000000, 0x0000000100000000)
  region size 1024K, 41 young (41984K), 4 survivors (4096K)
 Metaspace       used 109180K, committed 111424K, reserved 1179648K
  class space    used 14490K, committed 15680K, reserved 1048576K
}
Event: 60.419 GC heap after
{Heap after GC invocations=34 (full 0):
 garbage-first heap   total 225280K, used 150737K [0x00000000e0000000, 0x0000000100000000)
  region size 1024K, 4 young (4096K), 4 survivors (4096K)
 Metaspace       used 109180K, committed 111424K, reserved 1179648K
  class space    used 14490K, committed 15680K, reserved 1048576K
}
Event: 61.381 GC heap before
{Heap before GC invocations=34 (full 0):
 garbage-first heap   total 225280K, used 187601K [0x00000000e0000000, 0x0000000100000000)
  region size 1024K, 41 young (41984K), 4 survivors (4096K)
 Metaspace       used 109526K, committed 111872K, reserved 1179648K
  class space    used 14515K, committed 15744K, reserved 1048576K
}
Event: 61.391 GC heap after
{Heap after GC invocations=35 (full 0):
 garbage-first heap   total 225280K, used 153341K [0x00000000e0000000, 0x0000000100000000)
  region size 1024K, 3 young (3072K), 3 survivors (3072K)
 Metaspace       used 109526K, committed 111872K, reserved 1179648K
  class space    used 14515K, committed 15744K, reserved 1048576K
}
Event: 62.554 GC heap before
{Heap before GC invocations=35 (full 0):
 garbage-first heap   total 225280K, used 187133K [0x00000000e0000000, 0x0000000100000000)
  region size 1024K, 37 young (37888K), 3 survivors (3072K)
 Metaspace       used 110106K, committed 112384K, reserved 1179648K
  class space    used 14593K, committed 15808K, reserved 1048576K
}
Event: 62.561 GC heap after
{Heap after GC invocations=36 (full 0):
 garbage-first heap   total 225280K, used 155970K [0x00000000e0000000, 0x0000000100000000)
  region size 1024K, 3 young (3072K), 3 survivors (3072K)
 Metaspace       used 110106K, committed 112384K, reserved 1179648K
  class space    used 14593K, committed 15808K, reserved 1048576K
}
Event: 64.984 GC heap before
{Heap before GC invocations=36 (full 0):
 garbage-first heap   total 225280K, used 192834K [0x00000000e0000000, 0x0000000100000000)
  region size 1024K, 36 young (36864K), 3 survivors (3072K)
 Metaspace       used 117423K, committed 119680K, reserved 1179648K
  class space    used 15450K, committed 16640K, reserved 1048576K
}
Event: 65.002 GC heap after
{Heap after GC invocations=37 (full 0):
 garbage-first heap   total 225280K, used 165486K [0x00000000e0000000, 0x0000000100000000)
  region size 1024K, 5 young (5120K), 5 survivors (5120K)
 Metaspace       used 117423K, committed 119680K, reserved 1179648K
  class space    used 15450K, committed 16640K, reserved 1048576K
}
Event: 66.553 GC heap before
{Heap before GC invocations=37 (full 0):
 garbage-first heap   total 225280K, used 190062K [0x00000000e0000000, 0x0000000100000000)
  region size 1024K, 29 young (29696K), 5 survivors (5120K)
 Metaspace       used 118015K, committed 120256K, reserved 1179648K
  class space    used 15507K, committed 16704K, reserved 1048576K
}
Event: 66.572 GC heap after
{Heap after GC invocations=38 (full 0):
 garbage-first heap   total 225280K, used 172053K [0x00000000e0000000, 0x0000000100000000)
  region size 1024K, 4 young (4096K), 4 survivors (4096K)
 Metaspace       used 118015K, committed 120256K, reserved 1179648K
  class space    used 15507K, committed 16704K, reserved 1048576K
}
Event: 68.166 GC heap before
{Heap before GC invocations=38 (full 0):
 garbage-first heap   total 225280K, used 190485K [0x00000000e0000000, 0x0000000100000000)
  region size 1024K, 22 young (22528K), 4 survivors (4096K)
 Metaspace       used 118679K, committed 120960K, reserved 1179648K
  class space    used 15550K, committed 16768K, reserved 1048576K
}
Event: 68.181 GC heap after
{Heap after GC invocations=39 (full 0):
 garbage-first heap   total 225280K, used 176058K [0x00000000e0000000, 0x0000000100000000)
  region size 1024K, 3 young (3072K), 3 survivors (3072K)
 Metaspace       used 118679K, committed 120960K, reserved 1179648K
  class space    used 15550K, committed 16768K, reserved 1048576K
}

